<?xml version="1.0" encoding="UTF-8"?>
<robot generator="Robot 3.2.2 (Python 3.8.3 on win32)" generated="20210322 02:41:03.512" rpa="false">
<suite id="s1" name="Put" source="C:\Users\Marc\Documents\API\tests\put.robot">
<test id="s1-t1" name="Update Contact">
<kw name="Start Test" library="Common" type="setup">
<kw name="Create Session" library="RequestsLibrary">
<doc>Create Session: create a HTTP session to a server</doc>
<arguments>
<arg>myssion</arg>
<arg>${base_url}</arg>
</arguments>
<msg timestamp="20210322 02:41:03.734" level="INFO">Creating Session using : alias=myssion, url=http://3.13.86.142:3000, headers={},                     cookies={}, auth=None, timeout=None, proxies=None, verify=False,                     debug=0 </msg>
<status status="PASS" starttime="20210322 02:41:03.734" endtime="20210322 02:41:03.734"></status>
</kw>
<status status="PASS" starttime="20210322 02:41:03.733" endtime="20210322 02:41:03.734"></status>
</kw>
<kw name="Add Contact" library="POST">
<arguments>
<arg>${payload}</arg>
</arguments>
<assign>
<var>${addresponse}</var>
</assign>
<kw name="Post On Session" library="RequestsLibrary">
<doc>Sends a POST request on a previously created HTTP Session.</doc>
<arguments>
<arg>myssion</arg>
<arg>/contacts</arg>
<arg>data=${payload}</arg>
</arguments>
<assign>
<var>${response}</var>
</assign>
<msg timestamp="20210322 02:41:04.259" level="INFO">POST Request : url=http://3.13.86.142:3000/contacts 
 path_url=/contacts 
 headers={'User-Agent': 'python-requests/2.25.1', 'Accept-Encoding': 'gzip, deflate', 'Accept': '*/*', 'Connection': 'keep-alive', 'Content-Length': '157', 'Content-Type': 'application/x-www-form-urlencoded'} 
 body=firstName=Mister&amp;lastName=Tester&amp;email=mistertest%40test.com&amp;location.city=Manila&amp;location.country=Philippines&amp;employer.jobTitle=Tester&amp;employer.company=Test 
 </msg>
<msg timestamp="20210322 02:41:04.260" level="INFO">POST Response : url=http://3.13.86.142:3000/contacts 
 status=200, reason=OK 
 headers={'X-Powered-By': 'Express', 'Content-Type': 'application/json; charset=utf-8', 'Content-Length': '216', 'ETag': 'W/"d8-W4Ua1gzTPUYg6aZW0arYMbICuV4"', 'Date': 'Sun, 21 Mar 2021 18:41:04 GMT', 'Connection': 'keep-alive'} 
 body={"_id":"60579340170734047659040c","firstName":"Mister","lastName":"Tester","email":"mistertest@test.com","location":{"city":"Manila","country":"Philippines"},"employer":{"jobTitle":"Tester","company":"Test"},"__v":0} 
 </msg>
<msg timestamp="20210322 02:41:04.261" level="INFO">${response} = &lt;Response [200]&gt;</msg>
<status status="PASS" starttime="20210322 02:41:03.735" endtime="20210322 02:41:04.261"></status>
</kw>
<msg timestamp="20210322 02:41:04.262" level="INFO">${addresponse} = &lt;Response [200]&gt;</msg>
<status status="PASS" starttime="20210322 02:41:03.735" endtime="20210322 02:41:04.262"></status>
</kw>
<kw name="Verify Add Contact Response" library="POST">
<arguments>
<arg>${payload}</arg>
<arg>${addresponse}</arg>
</arguments>
<kw name="Evaluate" library="BuiltIn">
<doc>Evaluates the given expression in Python and returns the result.</doc>
<arguments>
<arg>json.loads($response.content)</arg>
<arg>json</arg>
</arguments>
<assign>
<var>${json_object}</var>
</assign>
<msg timestamp="20210322 02:41:04.291" level="INFO">${json_object} = {'_id': '60579340170734047659040c', 'firstName': 'Mister', 'lastName': 'Tester', 'email': 'mistertest@test.com', 'location': {'city': 'Manila', 'country': 'Philippines'}, 'employer': {'jobTitle': 'Tes...</msg>
<status status="PASS" starttime="20210322 02:41:04.267" endtime="20210322 02:41:04.291"></status>
</kw>
<kw name="Verify Status Code 200" library="Common">
<arguments>
<arg>${response}</arg>
</arguments>
<kw name="Convert To String" library="BuiltIn">
<doc>Converts the given item to a Unicode string.</doc>
<arguments>
<arg>${response.status_code}</arg>
</arguments>
<assign>
<var>${status_code}</var>
</assign>
<msg timestamp="20210322 02:41:04.295" level="INFO">${status_code} = 200</msg>
<status status="PASS" starttime="20210322 02:41:04.293" endtime="20210322 02:41:04.295"></status>
</kw>
<kw name="Should Be Equal" library="BuiltIn">
<doc>Fails if the given objects are unequal.</doc>
<arguments>
<arg>${status_code}</arg>
<arg>200</arg>
</arguments>
<status status="PASS" starttime="20210322 02:41:04.295" endtime="20210322 02:41:04.296"></status>
</kw>
<status status="PASS" starttime="20210322 02:41:04.291" endtime="20210322 02:41:04.297"></status>
</kw>
<kw name="Verify POST Content" library="POST">
<arguments>
<arg>${payload}</arg>
<arg>${json_object}</arg>
</arguments>
<kw name="Verify firstName" library="POST">
<arguments>
<arg>${request}</arg>
<arg>${response}</arg>
</arguments>
<kw name="Should Be Equal" library="BuiltIn">
<doc>Fails if the given objects are unequal.</doc>
<arguments>
<arg>${request['firstName']}</arg>
<arg>${response['firstName']}</arg>
</arguments>
<status status="PASS" starttime="20210322 02:41:04.299" endtime="20210322 02:41:04.299"></status>
</kw>
<status status="PASS" starttime="20210322 02:41:04.298" endtime="20210322 02:41:04.299"></status>
</kw>
<kw name="Verify lastName" library="POST">
<arguments>
<arg>${request}</arg>
<arg>${response}</arg>
</arguments>
<kw name="Should Be Equal" library="BuiltIn">
<doc>Fails if the given objects are unequal.</doc>
<arguments>
<arg>${request['lastName']}</arg>
<arg>${response['lastName']}</arg>
</arguments>
<status status="PASS" starttime="20210322 02:41:04.300" endtime="20210322 02:41:04.300"></status>
</kw>
<status status="PASS" starttime="20210322 02:41:04.299" endtime="20210322 02:41:04.300"></status>
</kw>
<kw name="Verify email" library="POST">
<arguments>
<arg>${request}</arg>
<arg>${response}</arg>
</arguments>
<kw name="Should Be Equal" library="BuiltIn">
<doc>Fails if the given objects are unequal.</doc>
<arguments>
<arg>${request['email']}</arg>
<arg>${response['email']}</arg>
</arguments>
<status status="PASS" starttime="20210322 02:41:04.301" endtime="20210322 02:41:04.301"></status>
</kw>
<status status="PASS" starttime="20210322 02:41:04.300" endtime="20210322 02:41:04.301"></status>
</kw>
<kw name="Verify city" library="POST">
<arguments>
<arg>${request}</arg>
<arg>${response}</arg>
</arguments>
<kw name="Get Value From Json" library="JSONLibrary">
<doc>Get Value From JSON using JSONPath</doc>
<arguments>
<arg>${response}</arg>
<arg>$.location.city</arg>
</arguments>
<assign>
<var>${cityresponse}</var>
</assign>
<msg timestamp="20210322 02:41:04.327" level="INFO">${cityresponse} = ['Manila']</msg>
<status status="PASS" starttime="20210322 02:41:04.302" endtime="20210322 02:41:04.327"></status>
</kw>
<kw name="Should Be Equal" library="BuiltIn">
<doc>Fails if the given objects are unequal.</doc>
<arguments>
<arg>${request['location.city']}</arg>
<arg>${cityresponse[0]}</arg>
</arguments>
<status status="PASS" starttime="20210322 02:41:04.327" endtime="20210322 02:41:04.328"></status>
</kw>
<status status="PASS" starttime="20210322 02:41:04.302" endtime="20210322 02:41:04.328"></status>
</kw>
<kw name="Verify country" library="POST">
<arguments>
<arg>${request}</arg>
<arg>${response}</arg>
</arguments>
<kw name="Get Value From Json" library="JSONLibrary">
<doc>Get Value From JSON using JSONPath</doc>
<arguments>
<arg>${response}</arg>
<arg>$.location.country</arg>
</arguments>
<assign>
<var>${countryresponse}</var>
</assign>
<msg timestamp="20210322 02:41:04.356" level="INFO">${countryresponse} = ['Philippines']</msg>
<status status="PASS" starttime="20210322 02:41:04.329" endtime="20210322 02:41:04.356"></status>
</kw>
<kw name="Should Be Equal" library="BuiltIn">
<doc>Fails if the given objects are unequal.</doc>
<arguments>
<arg>${request['location.country']}</arg>
<arg>${countryresponse[0]}</arg>
</arguments>
<status status="PASS" starttime="20210322 02:41:04.356" endtime="20210322 02:41:04.356"></status>
</kw>
<status status="PASS" starttime="20210322 02:41:04.328" endtime="20210322 02:41:04.356"></status>
</kw>
<kw name="Verify jobTitle" library="POST">
<arguments>
<arg>${request}</arg>
<arg>${response}</arg>
</arguments>
<kw name="Get Value From Json" library="JSONLibrary">
<doc>Get Value From JSON using JSONPath</doc>
<arguments>
<arg>${response}</arg>
<arg>$.employer.jobTitle</arg>
</arguments>
<assign>
<var>${jobTitleresponse}</var>
</assign>
<msg timestamp="20210322 02:41:04.378" level="INFO">${jobTitleresponse} = ['Tester']</msg>
<status status="PASS" starttime="20210322 02:41:04.357" endtime="20210322 02:41:04.378"></status>
</kw>
<kw name="Should Be Equal" library="BuiltIn">
<doc>Fails if the given objects are unequal.</doc>
<arguments>
<arg>${request['employer.jobTitle']}</arg>
<arg>${jobTitleresponse[0]}</arg>
</arguments>
<status status="PASS" starttime="20210322 02:41:04.378" endtime="20210322 02:41:04.379"></status>
</kw>
<status status="PASS" starttime="20210322 02:41:04.357" endtime="20210322 02:41:04.379"></status>
</kw>
<kw name="Verify company" library="POST">
<arguments>
<arg>${request}</arg>
<arg>${response}</arg>
</arguments>
<kw name="Get Value From Json" library="JSONLibrary">
<doc>Get Value From JSON using JSONPath</doc>
<arguments>
<arg>${response}</arg>
<arg>$.employer.company</arg>
</arguments>
<assign>
<var>${companyresponse}</var>
</assign>
<msg timestamp="20210322 02:41:04.400" level="INFO">${companyresponse} = ['Test']</msg>
<status status="PASS" starttime="20210322 02:41:04.379" endtime="20210322 02:41:04.401"></status>
</kw>
<kw name="Should Be Equal" library="BuiltIn">
<doc>Fails if the given objects are unequal.</doc>
<arguments>
<arg>${request['employer.company']}</arg>
<arg>${companyresponse[0]}</arg>
</arguments>
<status status="PASS" starttime="20210322 02:41:04.401" endtime="20210322 02:41:04.401"></status>
</kw>
<status status="PASS" starttime="20210322 02:41:04.379" endtime="20210322 02:41:04.401"></status>
</kw>
<status status="PASS" starttime="20210322 02:41:04.298" endtime="20210322 02:41:04.401"></status>
</kw>
<status status="PASS" starttime="20210322 02:41:04.265" endtime="20210322 02:41:04.402"></status>
</kw>
<kw name="Update Contact" library="PUT">
<arguments>
<arg>${payloadupdate}</arg>
<arg>${addresponse}</arg>
</arguments>
<assign>
<var>${updateresponse}</var>
</assign>
<kw name="Evaluate" library="BuiltIn">
<doc>Evaluates the given expression in Python and returns the result.</doc>
<arguments>
<arg>json.loads($response.content)</arg>
<arg>json</arg>
</arguments>
<assign>
<var>${json_object}</var>
</assign>
<msg timestamp="20210322 02:41:04.403" level="INFO">${json_object} = {'_id': '60579340170734047659040c', 'firstName': 'Mister', 'lastName': 'Tester', 'email': 'mistertest@test.com', 'location': {'city': 'Manila', 'country': 'Philippines'}, 'employer': {'jobTitle': 'Tes...</msg>
<status status="PASS" starttime="20210322 02:41:04.402" endtime="20210322 02:41:04.403"></status>
</kw>
<kw name="Get Value From Json" library="JSONLibrary">
<doc>Get Value From JSON using JSONPath</doc>
<arguments>
<arg>${json_object}</arg>
<arg>$._id</arg>
</arguments>
<assign>
<var>${id}</var>
</assign>
<msg timestamp="20210322 02:41:04.424" level="INFO">${id} = ['60579340170734047659040c']</msg>
<status status="PASS" starttime="20210322 02:41:04.403" endtime="20210322 02:41:04.424"></status>
</kw>
<kw name="Put On Session" library="RequestsLibrary">
<doc>Sends a PUT request on a previously created HTTP Session.</doc>
<arguments>
<arg>myssion</arg>
<arg>/contacts/${id[0]}</arg>
<arg>data=${payloadupdate}</arg>
</arguments>
<assign>
<var>${response}</var>
</assign>
<msg timestamp="20210322 02:41:04.699" level="INFO">PUT Request : url=http://3.13.86.142:3000/contacts/60579340170734047659040c 
 path_url=/contacts/60579340170734047659040c 
 headers={'User-Agent': 'python-requests/2.25.1', 'Accept-Encoding': 'gzip, deflate', 'Accept': '*/*', 'Connection': 'keep-alive', 'Content-Length': '154', 'Content-Type': 'application/x-www-form-urlencoded'} 
 body=firstName=Mister&amp;lastName=Tester&amp;email=mister2test%40test.com&amp;location.city=Venice&amp;location.country=Italy&amp;employer.jobTitle=Tester2&amp;employer.company=Test2 
 </msg>
<msg timestamp="20210322 02:41:04.699" level="INFO">PUT Response : url=http://3.13.86.142:3000/contacts/60579340170734047659040c 
 status=204, reason=No Content 
 headers={'X-Powered-By': 'Express', 'ETag': 'W/"a-bAsFyilMr4Ra1hIU5PyoyFRunpI"', 'Date': 'Sun, 21 Mar 2021 18:41:04 GMT', 'Connection': 'keep-alive'} 
 body=None 
 </msg>
<msg timestamp="20210322 02:41:04.700" level="INFO">${response} = &lt;Response [204]&gt;</msg>
<status status="PASS" starttime="20210322 02:41:04.424" endtime="20210322 02:41:04.700"></status>
</kw>
<msg timestamp="20210322 02:41:04.701" level="INFO">${updateresponse} = &lt;Response [204]&gt;</msg>
<status status="PASS" starttime="20210322 02:41:04.402" endtime="20210322 02:41:04.701"></status>
</kw>
<kw name="Verify Update Contact Response" library="PUT">
<arguments>
<arg>${updateresponse}</arg>
</arguments>
<kw name="Verify Status Code 204" library="Common">
<arguments>
<arg>${response}</arg>
</arguments>
<kw name="Convert To String" library="BuiltIn">
<doc>Converts the given item to a Unicode string.</doc>
<arguments>
<arg>${response.status_code}</arg>
</arguments>
<assign>
<var>${status_code}</var>
</assign>
<msg timestamp="20210322 02:41:04.706" level="INFO">${status_code} = 204</msg>
<status status="PASS" starttime="20210322 02:41:04.704" endtime="20210322 02:41:04.706"></status>
</kw>
<kw name="Should Be Equal" library="BuiltIn">
<doc>Fails if the given objects are unequal.</doc>
<arguments>
<arg>${status_code}</arg>
<arg>204</arg>
</arguments>
<status status="PASS" starttime="20210322 02:41:04.706" endtime="20210322 02:41:04.707"></status>
</kw>
<status status="PASS" starttime="20210322 02:41:04.703" endtime="20210322 02:41:04.707"></status>
</kw>
<status status="PASS" starttime="20210322 02:41:04.702" endtime="20210322 02:41:04.708"></status>
</kw>
<kw name="Get Contact" library="GET">
<arguments>
<arg>${addresponse}</arg>
</arguments>
<assign>
<var>${getresponse}</var>
</assign>
<kw name="Evaluate" library="BuiltIn">
<doc>Evaluates the given expression in Python and returns the result.</doc>
<arguments>
<arg>json.loads($response.content)</arg>
<arg>json</arg>
</arguments>
<assign>
<var>${json_object}</var>
</assign>
<msg timestamp="20210322 02:41:04.712" level="INFO">${json_object} = {'_id': '60579340170734047659040c', 'firstName': 'Mister', 'lastName': 'Tester', 'email': 'mistertest@test.com', 'location': {'city': 'Manila', 'country': 'Philippines'}, 'employer': {'jobTitle': 'Tes...</msg>
<status status="PASS" starttime="20210322 02:41:04.710" endtime="20210322 02:41:04.712"></status>
</kw>
<kw name="Get Value From Json" library="JSONLibrary">
<doc>Get Value From JSON using JSONPath</doc>
<arguments>
<arg>${json_object}</arg>
<arg>$._id</arg>
</arguments>
<assign>
<var>${id}</var>
</assign>
<msg timestamp="20210322 02:41:04.759" level="INFO">${id} = ['60579340170734047659040c']</msg>
<status status="PASS" starttime="20210322 02:41:04.712" endtime="20210322 02:41:04.759"></status>
</kw>
<kw name="Get On Session" library="RequestsLibrary">
<doc>Sends a GET request on a previously created HTTP Session.</doc>
<arguments>
<arg>myssion</arg>
<arg>/contacts/${id[0]}</arg>
</arguments>
<assign>
<var>${response}</var>
</assign>
<msg timestamp="20210322 02:41:05.018" level="INFO">GET Request : url=http://3.13.86.142:3000/contacts/60579340170734047659040c 
 path_url=/contacts/60579340170734047659040c 
 headers={'User-Agent': 'python-requests/2.25.1', 'Accept-Encoding': 'gzip, deflate', 'Accept': '*/*', 'Connection': 'keep-alive'} 
 body=None 
 </msg>
<msg timestamp="20210322 02:41:05.019" level="INFO">GET Response : url=http://3.13.86.142:3000/contacts/60579340170734047659040c 
 status=200, reason=OK 
 headers={'X-Powered-By': 'Express', 'Content-Type': 'application/json; charset=utf-8', 'Content-Length': '213', 'ETag': 'W/"d5-7yaBGi7kaU8749uHBQq//9Fjfog"', 'Date': 'Sun, 21 Mar 2021 18:41:04 GMT', 'Connection': 'keep-alive'} 
 body={"_id":"60579340170734047659040c","firstName":"Mister","lastName":"Tester","email":"mister2test@test.com","location":{"city":"Venice","country":"Italy"},"employer":{"jobTitle":"Tester2","company":"Test2"},"__v":0} 
 </msg>
<msg timestamp="20210322 02:41:05.019" level="INFO">${response} = &lt;Response [200]&gt;</msg>
<status status="PASS" starttime="20210322 02:41:04.759" endtime="20210322 02:41:05.020"></status>
</kw>
<msg timestamp="20210322 02:41:05.020" level="INFO">${getresponse} = &lt;Response [200]&gt;</msg>
<status status="PASS" starttime="20210322 02:41:04.709" endtime="20210322 02:41:05.020"></status>
</kw>
<kw name="Verify Get Contact" library="GET">
<arguments>
<arg>${payloadupdate}</arg>
<arg>${getresponse}</arg>
</arguments>
<kw name="Evaluate" library="BuiltIn">
<doc>Evaluates the given expression in Python and returns the result.</doc>
<arguments>
<arg>json.loads($response.content)</arg>
<arg>json</arg>
</arguments>
<assign>
<var>${json_object}</var>
</assign>
<msg timestamp="20210322 02:41:05.025" level="INFO">${json_object} = {'_id': '60579340170734047659040c', 'firstName': 'Mister', 'lastName': 'Tester', 'email': 'mister2test@test.com', 'location': {'city': 'Venice', 'country': 'Italy'}, 'employer': {'jobTitle': 'Tester2'...</msg>
<status status="PASS" starttime="20210322 02:41:05.024" endtime="20210322 02:41:05.025"></status>
</kw>
<kw name="Verify Status Code 200" library="Common">
<arguments>
<arg>${response}</arg>
</arguments>
<kw name="Convert To String" library="BuiltIn">
<doc>Converts the given item to a Unicode string.</doc>
<arguments>
<arg>${response.status_code}</arg>
</arguments>
<assign>
<var>${status_code}</var>
</assign>
<msg timestamp="20210322 02:41:05.027" level="INFO">${status_code} = 200</msg>
<status status="PASS" starttime="20210322 02:41:05.026" endtime="20210322 02:41:05.027"></status>
</kw>
<kw name="Should Be Equal" library="BuiltIn">
<doc>Fails if the given objects are unequal.</doc>
<arguments>
<arg>${status_code}</arg>
<arg>200</arg>
</arguments>
<status status="PASS" starttime="20210322 02:41:05.028" endtime="20210322 02:41:05.029"></status>
</kw>
<status status="PASS" starttime="20210322 02:41:05.025" endtime="20210322 02:41:05.030"></status>
</kw>
<kw name="Verify GET Content" library="GET">
<arguments>
<arg>${payload}</arg>
<arg>${json_object}</arg>
</arguments>
<kw name="Verify firstName" library="GET">
<arguments>
<arg>${request}</arg>
<arg>${response}</arg>
</arguments>
<kw name="Should Be Equal" library="BuiltIn">
<doc>Fails if the given objects are unequal.</doc>
<arguments>
<arg>${request['firstName']}</arg>
<arg>${response['firstName']}</arg>
</arguments>
<status status="PASS" starttime="20210322 02:41:05.033" endtime="20210322 02:41:05.034"></status>
</kw>
<status status="PASS" starttime="20210322 02:41:05.031" endtime="20210322 02:41:05.034"></status>
</kw>
<kw name="Verify lastName" library="GET">
<arguments>
<arg>${request}</arg>
<arg>${response}</arg>
</arguments>
<kw name="Should Be Equal" library="BuiltIn">
<doc>Fails if the given objects are unequal.</doc>
<arguments>
<arg>${request['lastName']}</arg>
<arg>${response['lastName']}</arg>
</arguments>
<status status="PASS" starttime="20210322 02:41:05.036" endtime="20210322 02:41:05.037"></status>
</kw>
<status status="PASS" starttime="20210322 02:41:05.035" endtime="20210322 02:41:05.038"></status>
</kw>
<kw name="Verify email" library="GET">
<arguments>
<arg>${request}</arg>
<arg>${response}</arg>
</arguments>
<kw name="Should Be Equal" library="BuiltIn">
<doc>Fails if the given objects are unequal.</doc>
<arguments>
<arg>${request['email']}</arg>
<arg>${response['email']}</arg>
</arguments>
<status status="PASS" starttime="20210322 02:41:05.039" endtime="20210322 02:41:05.040"></status>
</kw>
<status status="PASS" starttime="20210322 02:41:05.038" endtime="20210322 02:41:05.041"></status>
</kw>
<kw name="Verify city" library="GET">
<arguments>
<arg>${request}</arg>
<arg>${response}</arg>
</arguments>
<kw name="Get Value From Json" library="JSONLibrary">
<doc>Get Value From JSON using JSONPath</doc>
<arguments>
<arg>${response}</arg>
<arg>$.location.city</arg>
</arguments>
<assign>
<var>${cityresponse}</var>
</assign>
<msg timestamp="20210322 02:41:05.097" level="INFO">${cityresponse} = ['Venice']</msg>
<status status="PASS" starttime="20210322 02:41:05.043" endtime="20210322 02:41:05.097"></status>
</kw>
<kw name="Should Be Equal" library="BuiltIn">
<doc>Fails if the given objects are unequal.</doc>
<arguments>
<arg>${request['location.city']}</arg>
<arg>${cityresponse[0]}</arg>
</arguments>
<status status="PASS" starttime="20210322 02:41:05.098" endtime="20210322 02:41:05.098"></status>
</kw>
<status status="PASS" starttime="20210322 02:41:05.041" endtime="20210322 02:41:05.099"></status>
</kw>
<kw name="Verify country" library="GET">
<arguments>
<arg>${request}</arg>
<arg>${response}</arg>
</arguments>
<kw name="Get Value From Json" library="JSONLibrary">
<doc>Get Value From JSON using JSONPath</doc>
<arguments>
<arg>${response}</arg>
<arg>$.location.country</arg>
</arguments>
<assign>
<var>${countryresponse}</var>
</assign>
<msg timestamp="20210322 02:41:05.129" level="INFO">${countryresponse} = ['Italy']</msg>
<status status="PASS" starttime="20210322 02:41:05.100" endtime="20210322 02:41:05.129"></status>
</kw>
<kw name="Should Be Equal" library="BuiltIn">
<doc>Fails if the given objects are unequal.</doc>
<arguments>
<arg>${request['location.country']}</arg>
<arg>${countryresponse[0]}</arg>
</arguments>
<status status="PASS" starttime="20210322 02:41:05.129" endtime="20210322 02:41:05.130"></status>
</kw>
<status status="PASS" starttime="20210322 02:41:05.099" endtime="20210322 02:41:05.130"></status>
</kw>
<kw name="Verify jobTitle" library="GET">
<arguments>
<arg>${request}</arg>
<arg>${response}</arg>
</arguments>
<kw name="Get Value From Json" library="JSONLibrary">
<doc>Get Value From JSON using JSONPath</doc>
<arguments>
<arg>${response}</arg>
<arg>$.employer.jobTitle</arg>
</arguments>
<assign>
<var>${jobTitleresponse}</var>
</assign>
<msg timestamp="20210322 02:41:05.152" level="INFO">${jobTitleresponse} = ['Tester2']</msg>
<status status="PASS" starttime="20210322 02:41:05.130" endtime="20210322 02:41:05.152"></status>
</kw>
<kw name="Should Be Equal" library="BuiltIn">
<doc>Fails if the given objects are unequal.</doc>
<arguments>
<arg>${request['employer.jobTitle']}</arg>
<arg>${jobTitleresponse[0]}</arg>
</arguments>
<status status="PASS" starttime="20210322 02:41:05.152" endtime="20210322 02:41:05.152"></status>
</kw>
<status status="PASS" starttime="20210322 02:41:05.130" endtime="20210322 02:41:05.152"></status>
</kw>
<kw name="Verify company" library="GET">
<arguments>
<arg>${request}</arg>
<arg>${response}</arg>
</arguments>
<kw name="Get Value From Json" library="JSONLibrary">
<doc>Get Value From JSON using JSONPath</doc>
<arguments>
<arg>${response}</arg>
<arg>$.employer.company</arg>
</arguments>
<assign>
<var>${companyresponse}</var>
</assign>
<msg timestamp="20210322 02:41:05.174" level="INFO">${companyresponse} = ['Test2']</msg>
<status status="PASS" starttime="20210322 02:41:05.153" endtime="20210322 02:41:05.174"></status>
</kw>
<kw name="Should Be Equal" library="BuiltIn">
<doc>Fails if the given objects are unequal.</doc>
<arguments>
<arg>${request['employer.company']}</arg>
<arg>${companyresponse[0]}</arg>
</arguments>
<status status="PASS" starttime="20210322 02:41:05.174" endtime="20210322 02:41:05.174"></status>
</kw>
<status status="PASS" starttime="20210322 02:41:05.153" endtime="20210322 02:41:05.174"></status>
</kw>
<status status="PASS" starttime="20210322 02:41:05.030" endtime="20210322 02:41:05.174"></status>
</kw>
<status status="PASS" starttime="20210322 02:41:05.022" endtime="20210322 02:41:05.175"></status>
</kw>
<kw name="End Test" library="Common" type="teardown">
<arguments>
<arg>${addresponse}</arg>
</arguments>
<kw name="Evaluate" library="BuiltIn">
<doc>Evaluates the given expression in Python and returns the result.</doc>
<arguments>
<arg>json.loads($response.content)</arg>
<arg>json</arg>
</arguments>
<assign>
<var>${json_object}</var>
</assign>
<msg timestamp="20210322 02:41:05.176" level="INFO">${json_object} = {'_id': '60579340170734047659040c', 'firstName': 'Mister', 'lastName': 'Tester', 'email': 'mistertest@test.com', 'location': {'city': 'Manila', 'country': 'Philippines'}, 'employer': {'jobTitle': 'Tes...</msg>
<status status="PASS" starttime="20210322 02:41:05.175" endtime="20210322 02:41:05.176"></status>
</kw>
<kw name="Get Value From Json" library="JSONLibrary">
<doc>Get Value From JSON using JSONPath</doc>
<arguments>
<arg>${json_object}</arg>
<arg>$._id</arg>
</arguments>
<assign>
<var>${id}</var>
</assign>
<msg timestamp="20210322 02:41:05.197" level="INFO">${id} = ['60579340170734047659040c']</msg>
<status status="PASS" starttime="20210322 02:41:05.176" endtime="20210322 02:41:05.197"></status>
</kw>
<kw name="Delete On Session" library="RequestsLibrary">
<doc>Sends a DELETE request on a previously created HTTP Session.</doc>
<arguments>
<arg>myssion</arg>
<arg>/contacts/${id[0]}</arg>
</arguments>
<assign>
<var>${response}</var>
</assign>
<msg timestamp="20210322 02:41:05.457" level="INFO">DELETE Request : url=http://3.13.86.142:3000/contacts/60579340170734047659040c 
 path_url=/contacts/60579340170734047659040c 
 headers={'User-Agent': 'python-requests/2.25.1', 'Accept-Encoding': 'gzip, deflate', 'Accept': '*/*', 'Connection': 'keep-alive', 'Content-Length': '0'} 
 body=None 
 </msg>
<msg timestamp="20210322 02:41:05.457" level="INFO">DELETE Response : url=http://3.13.86.142:3000/contacts/60579340170734047659040c 
 status=204, reason=No Content 
 headers={'X-Powered-By': 'Express', 'ETag': 'W/"a-bAsFyilMr4Ra1hIU5PyoyFRunpI"', 'Date': 'Sun, 21 Mar 2021 18:41:05 GMT', 'Connection': 'keep-alive'} 
 body=None 
 </msg>
<msg timestamp="20210322 02:41:05.458" level="INFO">${response} = &lt;Response [204]&gt;</msg>
<status status="PASS" starttime="20210322 02:41:05.197" endtime="20210322 02:41:05.458"></status>
</kw>
<kw name="Convert To String" library="BuiltIn">
<doc>Converts the given item to a Unicode string.</doc>
<arguments>
<arg>${response.status_code}</arg>
</arguments>
<assign>
<var>${status_code}</var>
</assign>
<msg timestamp="20210322 02:41:05.460" level="INFO">${status_code} = 204</msg>
<status status="PASS" starttime="20210322 02:41:05.458" endtime="20210322 02:41:05.460"></status>
</kw>
<kw name="Should Be Equal" library="BuiltIn">
<doc>Fails if the given objects are unequal.</doc>
<arguments>
<arg>${status_code}</arg>
<arg>204</arg>
</arguments>
<status status="PASS" starttime="20210322 02:41:05.460" endtime="20210322 02:41:05.461"></status>
</kw>
<status status="PASS" starttime="20210322 02:41:05.175" endtime="20210322 02:41:05.461"></status>
</kw>
<status status="PASS" starttime="20210322 02:41:03.733" endtime="20210322 02:41:05.462" critical="yes"></status>
</test>
<doc>PUT</doc>
<status status="PASS" starttime="20210322 02:41:03.514" endtime="20210322 02:41:05.467"></status>
</suite>
<statistics>
<total>
<stat pass="1" fail="0">Critical Tests</stat>
<stat pass="1" fail="0">All Tests</stat>
</total>
<tag>
</tag>
<suite>
<stat pass="1" fail="0" id="s1" name="Put">Put</stat>
</suite>
</statistics>
<errors>
</errors>
</robot>
